# JRE version: OpenJDK Runtime Environment (13.0.1+9) (build 13.0.1+9)
# Java VM: OpenJDK 64-Bit Server VM (13.0.1+9, mixed mode, tiered, compressed oops, g1 gc, linux-amd64)
Heap:
 garbage-first heap   total 124928K, used 27086K [0x0000000087c00000, 0x0000000100000000)
  region size 1024K, 22 young (22528K), 3 survivors (3072K)
 Metaspace       used 15188K, capacity 15368K, committed 15616K, reserved 1062912K
  class space    used 1164K, capacity 1213K, committed 1280K, reserved 1048576K
GC Heap History (8 events):
Event: 1.860 GC heap before
{Heap before GC invocations=0 (full 0):
 garbage-first heap   total 124928K, used 29696K [0x0000000087c00000, 0x0000000100000000)
  region size 1024K, 24 young (24576K), 0 survivors (0K)
 Metaspace       used 13782K, capacity 13992K, committed 14336K, reserved 1062912K
  class space    used 1109K, capacity 1181K, committed 1280K, reserved 1048576K
}
Event: 1.867 GC heap after
{Heap after GC invocations=1 (full 0):
 garbage-first heap   total 124928K, used 8452K [0x0000000087c00000, 0x0000000100000000)
  region size 1024K, 3 young (3072K), 3 survivors (3072K)
 Metaspace       used 13782K, capacity 13992K, committed 14336K, reserved 1062912K
  class space    used 1109K, capacity 1181K, committed 1280K, reserved 1048576K
}
Event: 2.266 GC heap before
{Heap before GC invocations=1 (full 0):
 garbage-first heap   total 124928K, used 92420K [0x0000000087c00000, 0x0000000100000000)
  region size 1024K, 73 young (74752K), 3 survivors (3072K)
 Metaspace       used 15033K, capacity 15240K, committed 15616K, reserved 1062912K
  class space    used 1161K, capacity 1213K, committed 1280K, reserved 1048576K
}
Event: 2.272 GC heap after
{Heap after GC invocations=2 (full 0):
 garbage-first heap   total 124928K, used 8789K [0x0000000087c00000, 0x0000000100000000)
  region size 1024K, 3 young (3072K), 3 survivors (3072K)
 Metaspace       used 15033K, capacity 15240K, committed 15616K, reserved 1062912K
  class space    used 1161K, capacity 1213K, committed 1280K, reserved 1048576K
}
Event: 2.510 GC heap before
{Heap before GC invocations=2 (full 0):
 garbage-first heap   total 124928K, used 86613K [0x0000000087c00000, 0x0000000100000000)
  region size 1024K, 73 young (74752K), 3 survivors (3072K)
 Metaspace       used 15039K, capacity 15240K, committed 15616K, reserved 1062912K
  class space    used 1161K, capacity 1213K, committed 1280K, reserved 1048576K
}
Event: 2.515 GC heap after
{Heap after GC invocations=3 (full 0):
 garbage-first heap   total 124928K, used 8646K [0x0000000087c00000, 0x0000000100000000)
  region size 1024K, 3 young (3072K), 3 survivors (3072K)
 Metaspace       used 15039K, capacity 15240K, committed 15616K, reserved 1062912K
  class space    used 1161K, capacity 1213K, committed 1280K, reserved 1048576K
}
Event: 2.791 GC heap before
{Heap before GC invocations=3 (full 0):
 garbage-first heap   total 124928K, used 92614K [0x0000000087c00000, 0x0000000100000000)
  region size 1024K, 73 young (74752K), 3 survivors (3072K)
 Metaspace       used 15041K, capacity 15240K, committed 15616K, reserved 1062912K
  class space    used 1161K, capacity 1213K, committed 1280K, reserved 1048576K
}
Event: 2.796 GC heap after
{Heap after GC invocations=4 (full 0):
 garbage-first heap   total 124928K, used 8654K [0x0000000087c00000, 0x0000000100000000)
  region size 1024K, 3 young (3072K), 3 survivors (3072K)
 Metaspace       used 15041K, capacity 15240K, committed 15616K, reserved 1062912K
  class space    used 1161K, capacity 1213K, committed 1280K, reserved 1048576K
}

